<?xml version="1.0" encoding="UTF-8"?>
<testsuite name="appium.features.search.CalculateNumberByKeywordStory" tests="4" skipped="0" failures="0" errors="0" timestamp="2020-04-23T11:28:43" hostname="DESKTOP-CHORQ61" time="107.364">
  <properties/>
  <testcase name="Subtract" classname="appium.features.search.CalculateNumberByKeywordStory" time="30.185"/>
  <testcase name="Addition" classname="appium.features.search.CalculateNumberByKeywordStory" time="24.985"/>
  <testcase name="Multiply" classname="appium.features.search.CalculateNumberByKeywordStory" time="25.6"/>
  <testcase name="Divide" classname="appium.features.search.CalculateNumberByKeywordStory" time="25.532"/>
  <system-out><![CDATA[]]></system-out>
  <system-err><![CDATA[SLF4J: Failed to load class "org.slf4j.impl.StaticLoggerBinder".
SLF4J: Defaulting to no-operation (NOP) logger implementation
SLF4J: See http://www.slf4j.org/codes.html#StaticLoggerBinder for further details.
Apr 23, 2020 6:29:05 PM io.appium.java_client.remote.AppiumCommandExecutor$1 lambda$0
INFO: Detected dialect: W3C
Apr 23, 2020 6:29:33 PM io.appium.java_client.remote.AppiumCommandExecutor$1 lambda$0
INFO: Detected dialect: W3C
Apr 23, 2020 6:29:58 PM io.appium.java_client.remote.AppiumCommandExecutor$1 lambda$0
INFO: Detected dialect: W3C
Apr 23, 2020 6:30:24 PM io.appium.java_client.remote.AppiumCommandExecutor$1 lambda$0
INFO: Detected dialect: W3C
]]></system-err>
</testsuite>
